# JRE version: OpenJDK Runtime Environment (8.0_202-b03) (build 1.8.0_202-release-1483-b03)
# Java VM: OpenJDK 64-Bit Server VM (25.202-b03 mixed mode windows-amd64 compressed oops)
Heap:
 PSYoungGen      total 249344K, used 208994K [0x00000000e0000000, 0x00000000f1d80000, 0x0000000100000000)
  eden space 221696K, 89% used [0x00000000e0000000,0x00000000ec277dd0,0x00000000ed880000)
  from space 27648K, 35% used [0x00000000f0280000,0x00000000f0c20c98,0x00000000f1d80000)
  to   space 35328K, 0% used [0x00000000ed880000,0x00000000ed880000,0x00000000efb00000)
 ParOldGen       total 131072K, used 83709K [0x00000000a0000000, 0x00000000a8000000, 0x00000000e0000000)
  object space 131072K, 63% used [0x00000000a0000000,0x00000000a51bf620,0x00000000a8000000)
 Metaspace       used 89535K, capacity 93718K, committed 93784K, reserved 1130496K
  class space    used 11876K, capacity 12614K, committed 12672K, reserved 1048576K
GC Heap History (10 events):
Event: 10.617 GC heap before
{Heap before GC invocations=15 (full 3):
 PSYoungGen      total 196608K, used 1618K [0x00000000e0000000, 0x00000000edf00000, 0x0000000100000000)
  eden space 178176K, 0% used [0x00000000e0000000,0x00000000e0000000,0x00000000eae00000)
  from space 18432K, 8% used [0x00000000ec080000,0x00000000ec214928,0x00000000ed280000)
  to   space 18944K, 0% used [0x00000000eae00000,0x00000000eae00000,0x00000000ec080000)
 ParOldGen       total 88064K, used 34414K [0x00000000a0000000, 0x00000000a5600000, 0x00000000e0000000)
  object space 88064K, 39% used [0x00000000a0000000,0x00000000a219ba20,0x00000000a5600000)
 Metaspace       used 57484K, capacity 59090K, committed 59096K, reserved 1099776K
  class space    used 7776K, capacity 8192K, committed 8192K, reserved 1048576K
Event: 10.877 GC heap after
Heap after GC invocations=15 (full 3):
 PSYoungGen      total 196608K, used 0K [0x00000000e0000000, 0x00000000edf00000, 0x0000000100000000)
  eden space 178176K, 0% used [0x00000000e0000000,0x00000000e0000000,0x00000000eae00000)
  from space 18432K, 0% used [0x00000000ec080000,0x00000000ec080000,0x00000000ed280000)
  to   space 18944K, 0% used [0x00000000eae00000,0x00000000eae00000,0x00000000ec080000)
 ParOldGen       total 131072K, used 28742K [0x00000000a0000000, 0x00000000a8000000, 0x00000000e0000000)
  object space 131072K, 21% used [0x00000000a0000000,0x00000000a1c11938,0x00000000a8000000)
 Metaspace       used 57484K, capacity 59090K, committed 59096K, reserved 1099776K
  class space    used 7776K, capacity 8192K, committed 8192K, reserved 1048576K
}
Event: 13.447 GC heap before
{Heap before GC invocations=16 (full 3):
 PSYoungGen      total 196608K, used 178176K [0x00000000e0000000, 0x00000000edf00000, 0x0000000100000000)
  eden space 178176K, 100% used [0x00000000e0000000,0x00000000eae00000,0x00000000eae00000)
  from space 18432K, 0% used [0x00000000ec080000,0x00000000ec080000,0x00000000ed280000)
  to   space 18944K, 0% used [0x00000000eae00000,0x00000000eae00000,0x00000000ec080000)
 ParOldGen       total 131072K, used 28742K [0x00000000a0000000, 0x00000000a8000000, 0x00000000e0000000)
  object space 131072K, 21% used [0x00000000a0000000,0x00000000a1c11938,0x00000000a8000000)
 Metaspace       used 63291K, capacity 65570K, committed 65624K, reserved 1105920K
  class space    used 8589K, capacity 9072K, committed 9088K, reserved 1048576K
Event: 13.469 GC heap after
Heap after GC invocations=16 (full 3):
 PSYoungGen      total 197120K, used 16241K [0x00000000e0000000, 0x00000000ef900000, 0x0000000100000000)
  eden space 178176K, 0% used [0x00000000e0000000,0x00000000e0000000,0x00000000eae00000)
  from space 18944K, 85% used [0x00000000eae00000,0x00000000ebddc620,0x00000000ec080000)
  to   space 20992K, 0% used [0x00000000ee480000,0x00000000ee480000,0x00000000ef900000)
 ParOldGen       total 131072K, used 28750K [0x00000000a0000000, 0x00000000a8000000, 0x00000000e0000000)
  object space 131072K, 21% used [0x00000000a0000000,0x00000000a1c13938,0x00000000a8000000)
 Metaspace       used 63291K, capacity 65570K, committed 65624K, reserved 1105920K
  class space    used 8589K, capacity 9072K, committed 9088K, reserved 1048576K
}
Event: 19.034 GC heap before
{Heap before GC invocations=17 (full 3):
 PSYoungGen      total 197120K, used 194417K [0x00000000e0000000, 0x00000000ef900000, 0x0000000100000000)
  eden space 178176K, 100% used [0x00000000e0000000,0x00000000eae00000,0x00000000eae00000)
  from space 18944K, 85% used [0x00000000eae00000,0x00000000ebddc620,0x00000000ec080000)
  to   space 20992K, 0% used [0x00000000ee480000,0x00000000ee480000,0x00000000ef900000)
 ParOldGen       total 131072K, used 28750K [0x00000000a0000000, 0x00000000a8000000, 0x00000000e0000000)
  object space 131072K, 21% used [0x00000000a0000000,0x00000000a1c13938,0x00000000a8000000)
 Metaspace       used 68722K, capacity 71412K, committed 71640K, reserved 1112064K
  class space    used 9421K, capacity 9981K, committed 9984K, reserved 1048576K
Event: 19.132 GC heap after
Heap after GC invocations=17 (full 3):
 PSYoungGen      total 216064K, used 20975K [0x00000000e0000000, 0x00000000f1d00000, 0x0000000100000000)
  eden space 195072K, 0% used [0x00000000e0000000,0x00000000e0000000,0x00000000ebe80000)
  from space 20992K, 99% used [0x00000000ee480000,0x00000000ef8fbe90,0x00000000ef900000)
  to   space 38912K, 0% used [0x00000000ebe80000,0x00000000ebe80000,0x00000000ee480000)
 ParOldGen       total 131072K, used 68320K [0x00000000a0000000, 0x00000000a8000000, 0x00000000e0000000)
  object space 131072K, 52% used [0x00000000a0000000,0x00000000a42b83c8,0x00000000a8000000)
 Metaspace       used 68722K, capacity 71412K, committed 71640K, reserved 1112064K
  class space    used 9421K, capacity 9981K, committed 9984K, reserved 1048576K
}
Event: 103.206 GC heap before
{Heap before GC invocations=18 (full 3):
 PSYoungGen      total 216064K, used 216047K [0x00000000e0000000, 0x00000000f1d00000, 0x0000000100000000)
  eden space 195072K, 100% used [0x00000000e0000000,0x00000000ebe80000,0x00000000ebe80000)
  from space 20992K, 99% used [0x00000000ee480000,0x00000000ef8fbe90,0x00000000ef900000)
  to   space 38912K, 0% used [0x00000000ebe80000,0x00000000ebe80000,0x00000000ee480000)
 ParOldGen       total 131072K, used 68320K [0x00000000a0000000, 0x00000000a8000000, 0x00000000e0000000)
  object space 131072K, 52% used [0x00000000a0000000,0x00000000a42b83c8,0x00000000a8000000)
 Metaspace       used 76411K, capacity 79768K, committed 79832K, reserved 1118208K
  class space    used 10318K, capacity 10979K, committed 11008K, reserved 1048576K
Event: 103.361 GC heap after
Heap after GC invocations=18 (full 3):
 PSYoungGen      total 233984K, used 10875K [0x00000000e0000000, 0x00000000f2680000, 0x0000000100000000)
  eden space 195072K, 0% used [0x00000000e0000000,0x00000000e0000000,0x00000000ebe80000)
  from space 38912K, 27% used [0x00000000ebe80000,0x00000000ec91ef28,0x00000000ee480000)
  to   space 36864K, 0% used [0x00000000f0280000,0x00000000f0280000,0x00000000f2680000)
 ParOldGen       total 131072K, used 83701K [0x00000000a0000000, 0x00000000a8000000, 0x00000000e0000000)
  object space 131072K, 63% used [0x00000000a0000000,0x00000000a51bd620,0x00000000a8000000)
 Metaspace       used 76411K, capacity 79768K, committed 79832K, reserved 1118208K
  class space    used 10318K, capacity 10979K, committed 11008K, reserved 1048576K
}
Event: 857.923 GC heap before
{Heap before GC invocations=19 (full 3):
 PSYoungGen      total 233984K, used 205779K [0x00000000e0000000, 0x00000000f2680000, 0x0000000100000000)
  eden space 195072K, 99% used [0x00000000e0000000,0x00000000ebe55cf8,0x00000000ebe80000)
  from space 38912K, 27% used [0x00000000ebe80000,0x00000000ec91ef28,0x00000000ee480000)
  to   space 36864K, 0% used [0x00000000f0280000,0x00000000f0280000,0x00000000f2680000)
 ParOldGen       total 131072K, used 83701K [0x00000000a0000000, 0x00000000a8000000, 0x00000000e0000000)
  object space 131072K, 63% used [0x00000000a0000000,0x00000000a51bd620,0x00000000a8000000)
 Metaspace       used 78335K, capacity 81736K, committed 82008K, reserved 1120256K
  class space    used 10451K, capacity 11111K, committed 11136K, reserved 1048576K
Event: 858.006 GC heap after
Heap after GC invocations=19 (full 3):
 PSYoungGen      total 249344K, used 9859K [0x00000000e0000000, 0x00000000f1d80000, 0x0000000100000000)
  eden space 221696K, 0% used [0x00000000e0000000,0x00000000e0000000,0x00000000ed880000)
  from space 27648K, 35% used [0x00000000f0280000,0x00000000f0c20c98,0x00000000f1d80000)
  to   space 35328K, 0% used [0x00000000ed880000,0x00000000ed880000,0x00000000efb00000)
 ParOldGen       total 131072K, used 83709K [0x00000000a0000000, 0x00000000a8000000, 0x00000000e0000000)
  object space 131072K, 63% used [0x00000000a0000000,0x00000000a51bf620,0x00000000a8000000)
 Metaspace       used 78335K, capacity 81736K, committed 82008K, reserved 1120256K
  class space    used 10451K, capacity 11111K, committed 11136K, reserved 1048576K
}

