# JRE version: OpenJDK Runtime Environment (8.0_202-b03) (build 1.8.0_202-release-1483-b03)
# Java VM: OpenJDK 64-Bit Server VM (25.202-b03 mixed mode windows-amd64 compressed oops)
Heap:
 PSYoungGen      total 478208K, used 368737K [0x00000000e0000000, 0x0000000100000000, 0x0000000100000000)
  eden space 432128K, 85% used [0x00000000e0000000,0x00000000f6818510,0x00000000fa600000)
  from space 46080K, 0% used [0x00000000fa600000,0x00000000fa600000,0x00000000fd300000)
  to   space 45568K, 0% used [0x00000000fd380000,0x00000000fd380000,0x0000000100000000)
 ParOldGen       total 208896K, used 61415K [0x00000000a0000000, 0x00000000acc00000, 0x00000000e0000000)
  object space 208896K, 29% used [0x00000000a0000000,0x00000000a3bf9f60,0x00000000acc00000)
 Metaspace       used 111029K, capacity 115280K, committed 122048K, reserved 1155072K
  class space    used 13750K, capacity 14522K, committed 15872K, reserved 1048576K
GC Heap History (10 events):
Event: 1031.199 GC heap before
{Heap before GC invocations=48 (full 4):
 PSYoungGen      total 488960K, used 466112K [0x00000000e0000000, 0x00000000fff00000, 0x0000000100000000)
  eden space 454144K, 100% used [0x00000000e0000000,0x00000000fbb80000,0x00000000fbb80000)
  from space 34816K, 34% used [0x00000000fbb80000,0x00000000fc730050,0x00000000fdd80000)
  to   space 34304K, 0% used [0x00000000fdd80000,0x00000000fdd80000,0x00000000fff00000)
 ParOldGen       total 202240K, used 136277K [0x00000000a0000000, 0x00000000ac580000, 0x00000000e0000000)
  object space 202240K, 67% used [0x00000000a0000000,0x00000000a85157f8,0x00000000ac580000)
 Metaspace       used 109616K, capacity 115530K, committed 115904K, reserved 1150976K
  class space    used 13932K, capacity 14976K, committed 15104K, reserved 1048576K
Event: 1031.218 GC heap after
Heap after GC invocations=48 (full 4):
 PSYoungGen      total 488960K, used 8512K [0x00000000e0000000, 0x00000000ffe80000, 0x0000000100000000)
  eden space 455168K, 0% used [0x00000000e0000000,0x00000000e0000000,0x00000000fbc80000)
  from space 33792K, 25% used [0x00000000fdd80000,0x00000000fe5d0040,0x00000000ffe80000)
  to   space 33792K, 0% used [0x00000000fbc80000,0x00000000fbc80000,0x00000000fdd80000)
 ParOldGen       total 202240K, used 146454K [0x00000000a0000000, 0x00000000ac580000, 0x00000000e0000000)
  object space 202240K, 72% used [0x00000000a0000000,0x00000000a8f05808,0x00000000ac580000)
 Metaspace       used 109616K, capacity 115530K, committed 115904K, reserved 1150976K
  class space    used 13932K, capacity 14976K, committed 15104K, reserved 1048576K
}
Event: 1033.284 GC heap before
{Heap before GC invocations=49 (full 4):
 PSYoungGen      total 488960K, used 463680K [0x00000000e0000000, 0x00000000ffe80000, 0x0000000100000000)
  eden space 455168K, 100% used [0x00000000e0000000,0x00000000fbc80000,0x00000000fbc80000)
  from space 33792K, 25% used [0x00000000fdd80000,0x00000000fe5d0040,0x00000000ffe80000)
  to   space 33792K, 0% used [0x00000000fbc80000,0x00000000fbc80000,0x00000000fdd80000)
 ParOldGen       total 202240K, used 146454K [0x00000000a0000000, 0x00000000ac580000, 0x00000000e0000000)
  object space 202240K, 72% used [0x00000000a0000000,0x00000000a8f05808,0x00000000ac580000)
 Metaspace       used 109625K, capacity 115594K, committed 115904K, reserved 1150976K
  class space    used 13932K, capacity 14976K, committed 15104K, reserved 1048576K
Event: 1033.297 GC heap after
Heap after GC invocations=49 (full 4):
 PSYoungGen      total 488960K, used 8960K [0x00000000e0000000, 0x00000000fff00000, 0x0000000100000000)
  eden space 455168K, 0% used [0x00000000e0000000,0x00000000e0000000,0x00000000fbc80000)
  from space 33792K, 26% used [0x00000000fbc80000,0x00000000fc540010,0x00000000fdd80000)
  to   space 33280K, 0% used [0x00000000fde80000,0x00000000fde80000,0x00000000fff00000)
 ParOldGen       total 202240K, used 153242K [0x00000000a0000000, 0x00000000ac580000, 0x00000000e0000000)
  object space 202240K, 75% used [0x00000000a0000000,0x00000000a95a6898,0x00000000ac580000)
 Metaspace       used 109625K, capacity 115594K, committed 115904K, reserved 1150976K
  class space    used 13932K, capacity 14976K, committed 15104K, reserved 1048576K
}
Event: 1057.486 GC heap before
{Heap before GC invocations=50 (full 4):
 PSYoungGen      total 488960K, used 464128K [0x00000000e0000000, 0x00000000fff00000, 0x0000000100000000)
  eden space 455168K, 100% used [0x00000000e0000000,0x00000000fbc80000,0x00000000fbc80000)
  from space 33792K, 26% used [0x00000000fbc80000,0x00000000fc540010,0x00000000fdd80000)
  to   space 33280K, 0% used [0x00000000fde80000,0x00000000fde80000,0x00000000fff00000)
 ParOldGen       total 202240K, used 153242K [0x00000000a0000000, 0x00000000ac580000, 0x00000000e0000000)
  object space 202240K, 75% used [0x00000000a0000000,0x00000000a95a6898,0x00000000ac580000)
 Metaspace       used 111562K, capacity 117610K, committed 117952K, reserved 1153024K
  class space    used 14197K, capacity 15262K, committed 15360K, reserved 1048576K
Event: 1057.568 GC heap after
Heap after GC invocations=50 (full 4):
 PSYoungGen      total 465408K, used 33277K [0x00000000e0000000, 0x0000000100000000, 0x0000000100000000)
  eden space 432128K, 0% used [0x00000000e0000000,0x00000000e0000000,0x00000000fa600000)
  from space 33280K, 99% used [0x00000000fde80000,0x00000000ffeff748,0x00000000fff00000)
  to   space 46080K, 0% used [0x00000000fa600000,0x00000000fa600000,0x00000000fd300000)
 ParOldGen       total 202240K, used 175327K [0x00000000a0000000, 0x00000000ac580000, 0x00000000e0000000)
  object space 202240K, 86% used [0x00000000a0000000,0x00000000aab37cd8,0x00000000ac580000)
 Metaspace       used 111562K, capacity 117610K, committed 117952K, reserved 1153024K
  class space    used 14197K, capacity 15262K, committed 15360K, reserved 1048576K
}
Event: 3060.932 GC heap before
{Heap before GC invocations=51 (full 4):
 PSYoungGen      total 465408K, used 465405K [0x00000000e0000000, 0x0000000100000000, 0x0000000100000000)
  eden space 432128K, 100% used [0x00000000e0000000,0x00000000fa600000,0x00000000fa600000)
  from space 33280K, 99% used [0x00000000fde80000,0x00000000ffeff748,0x00000000fff00000)
  to   space 46080K, 0% used [0x00000000fa600000,0x00000000fa600000,0x00000000fd300000)
 ParOldGen       total 202240K, used 175327K [0x00000000a0000000, 0x00000000ac580000, 0x00000000e0000000)
  object space 202240K, 86% used [0x00000000a0000000,0x00000000aab37cd8,0x00000000ac580000)
 Metaspace       used 115053K, capacity 121820K, committed 122048K, reserved 1155072K
  class space    used 14666K, capacity 15813K, committed 15872K, reserved 1048576K
Event: 3061.350 GC heap after
Heap after GC invocations=51 (full 4):
 PSYoungGen      total 478208K, used 8359K [0x00000000e0000000, 0x0000000100000000, 0x0000000100000000)
  eden space 432128K, 0% used [0x00000000e0000000,0x00000000e0000000,0x00000000fa600000)
  from space 46080K, 18% used [0x00000000fa600000,0x00000000fae29c38,0x00000000fd300000)
  to   space 45568K, 0% used [0x00000000fd380000,0x00000000fd380000,0x0000000100000000)
 ParOldGen       total 202240K, used 187537K [0x00000000a0000000, 0x00000000ac580000, 0x00000000e0000000)
  object space 202240K, 92% used [0x00000000a0000000,0x00000000ab7247a8,0x00000000ac580000)
 Metaspace       used 115053K, capacity 121820K, committed 122048K, reserved 1155072K
  class space    used 14666K, capacity 15813K, committed 15872K, reserved 1048576K
}
Event: 3061.350 GC heap before
{Heap before GC invocations=52 (full 5):
 PSYoungGen      total 478208K, used 8359K [0x00000000e0000000, 0x0000000100000000, 0x0000000100000000)
  eden space 432128K, 0% used [0x00000000e0000000,0x00000000e0000000,0x00000000fa600000)
  from space 46080K, 18% used [0x00000000fa600000,0x00000000fae29c38,0x00000000fd300000)
  to   space 45568K, 0% used [0x00000000fd380000,0x00000000fd380000,0x0000000100000000)
 ParOldGen       total 202240K, used 187537K [0x00000000a0000000, 0x00000000ac580000, 0x00000000e0000000)
  object space 202240K, 92% used [0x00000000a0000000,0x00000000ab7247a8,0x00000000ac580000)
 Metaspace       used 115053K, capacity 121820K, committed 122048K, reserved 1155072K
  class space    used 14666K, capacity 15813K, committed 15872K, reserved 1048576K
Event: 3062.674 GC heap after
Heap after GC invocations=52 (full 5):
 PSYoungGen      total 478208K, used 0K [0x00000000e0000000, 0x0000000100000000, 0x0000000100000000)
  eden space 432128K, 0% used [0x00000000e0000000,0x00000000e0000000,0x00000000fa600000)
  from space 46080K, 0% used [0x00000000fa600000,0x00000000fa600000,0x00000000fd300000)
  to   space 45568K, 0% used [0x00000000fd380000,0x00000000fd380000,0x0000000100000000)
 ParOldGen       total 208896K, used 61415K [0x00000000a0000000, 0x00000000acc00000, 0x00000000e0000000)
  object space 208896K, 29% used [0x00000000a0000000,0x00000000a3bf9f60,0x00000000acc00000)
 Metaspace       used 109398K, capacity 113030K, committed 122048K, reserved 1155072K
  class space    used 13569K, capacity 14217K, committed 15872K, reserved 1048576K
}

